Arguments: 
  /usr/local/Cellar/node/11.13.0/bin/node /usr/local/Cellar/yarn/1.15.2/libexec/bin/yarn.js init

PATH: 
  /Users/ilabaugham/.rvm/gems/ruby-2.6.0/bin:/Users/ilabaugham/.rvm/gems/ruby-2.6.0@global/bin:/Users/ilabaugham/.rvm/rubies/ruby-2.6.0/bin:/usr/local/bin:/usr/bin:/bin:/usr/sbin:/sbin:/Users/ilabaugham/bin:/Users/ilabaugham/.rvm/bin

Yarn version: 
  1.15.2

Node version: 
  11.13.0

Platform: 
  darwin x64

Trace: 
  Error: canceled
      at Interface.<anonymous> (/usr/local/Cellar/yarn/1.15.2/libexec/lib/cli.js:125801:13)
      at Interface.emit (events.js:193:13)
      at Interface._ttyWrite (readline.js:820:16)
      at ReadStream.onkeypress (readline.js:184:10)
      at ReadStream.emit (events.js:193:13)
      at emitKeys (internal/readline.js:424:14)
      at emitKeys.next (<anonymous>)
      at ReadStream.onData (readline.js:1093:36)
      at ReadStream.emit (events.js:193:13)
      at addChunk (_stream_readable.js:296:12)

npm manifest: 
  No manifest

yarn manifest: 
  No manifest

Lockfile: 
  # THIS IS AN AUTOGENERATED FILE. DO NOT EDIT THIS FILE DIRECTLY.
  # yarn lockfile v1
